<?xml version="1.0" encoding="UTF-8"?>
<!-- Generated by org.testng.reporters.JUnitReportReporter -->
<testsuite hostname="DESKTOP-BTNBPRQ" failures="0" tests="8" name="StockDailypublisher.StockPublishTest" time="958.453" errors="0" timestamp="2022-02-01T23:13:35 IST" skipped="0">
  <testcase classname="StockDailypublisher.StockPublishTest" name="RunTesToFectStocks" time="171.175"/>
  <system-out/>
  <testcase classname="StockDailypublisher.StockPublishTest" name="RunTesToFectStocks" time="425.151"/>
  <system-out/>
  <testcase classname="StockDailypublisher.StockPublishTest" name="RunTesToFectStocks" time="15.428"/>
  <system-out/>
  <testcase classname="StockDailypublisher.StockPublishTest" name="RunTesToFectStocks" time="1.504"/>
  <system-out/>
  <testcase classname="StockDailypublisher.StockPublishTest" name="RunTesToFectStocks" time="15.153"/>
  <system-out/>
  <testcase classname="StockDailypublisher.StockPublishTest" name="RunTesToFectStocks" time="64.779"/>
  <system-out/>
  <testcase classname="StockDailypublisher.StockPublishTest" name="RunTesToFectStocks" time="265.132"/>
  <system-out/>
  <testcase classname="StockDailypublisher.StockPublishTest" name="getAllDataAboutCompnay" time="0.131"/>
  <system-out/>
</testsuite> <!-- StockDailypublisher.StockPublishTest -->
