<?xml version="1.0" encoding="UTF-8"?>
<!-- Generated by org.testng.reporters.JUnitReportReporter -->
<testsuite hostname="DESKTOP-BTNBPRQ" failures="0" tests="8" name="StockDailypublisher.StockPublishTest" time="861.996" errors="0" timestamp="18 Feb 2022 07:12:26 GMT" skipped="0">
  <testcase classname="StockDailypublisher.StockPublishTest" name="RunTesToFectStocks" time="129.421"/>
  <testcase classname="StockDailypublisher.StockPublishTest" name="RunTesToFectStocks" time="371.633"/>
  <testcase classname="StockDailypublisher.StockPublishTest" name="RunTesToFectStocks" time="2.143"/>
  <testcase classname="StockDailypublisher.StockPublishTest" name="RunTesToFectStocks" time="17.288"/>
  <testcase classname="StockDailypublisher.StockPublishTest" name="RunTesToFectStocks" time="61.766"/>
  <testcase classname="StockDailypublisher.StockPublishTest" name="RunTesToFectStocks" time="197.333"/>
  <testcase classname="StockDailypublisher.StockPublishTest" name="RunTesToFectStocks" time="82.151"/>
  <testcase classname="StockDailypublisher.StockPublishTest" name="getAllDataAboutCompnay" time="0.261"/>
</testsuite> <!-- StockDailypublisher.StockPublishTest -->
