<?xml version="1.0" encoding="UTF-8"?>
<!-- Generated by org.testng.reporters.JUnitReportReporter -->
<testsuite hostname="DESKTOP-BTNBPRQ" failures="0" tests="8" name="StockDailypublisher.StockAllocationChange" time="2299.960" errors="0" timestamp="14 Feb 2022 07:27:14 GMT" skipped="0">
  <testcase classname="StockDailypublisher.StockAllocationChange" name="RunTesToFectStocks" time="204.938"/>
  <testcase classname="StockDailypublisher.StockAllocationChange" name="RunTesToFectStocks" time="31.642"/>
  <testcase classname="StockDailypublisher.StockAllocationChange" name="RunTesToFectStocks" time="558.667"/>
  <testcase classname="StockDailypublisher.StockAllocationChange" name="RunTesToFectStocks" time="832.603"/>
  <testcase classname="StockDailypublisher.StockAllocationChange" name="RunTesToFectStocks" time="425.558"/>
  <testcase classname="StockDailypublisher.StockAllocationChange" name="RunTesToFectStocks" time="241.120"/>
  <testcase classname="StockDailypublisher.StockAllocationChange" name="RunTesToFectStocks" time="2.493"/>
  <testcase classname="StockDailypublisher.StockAllocationChange" name="getAllDataAboutCompnay" time="2.939"/>
</testsuite> <!-- StockDailypublisher.StockAllocationChange -->
