<?xml version="1.0" encoding="UTF-8"?>
<!-- Generated by org.testng.reporters.JUnitReportReporter -->
<testsuite hostname="DESKTOP-BTNBPRQ" failures="0" tests="4" name="com.computaion.classes.CalculationsClass" time="0.051" errors="0" timestamp="03 Feb 2022 12:21:01 GMT" skipped="0">
  <testcase classname="com.computaion.classes.CalculationsClass" name="m1" time="0.033"/>
  <testcase classname="com.computaion.classes.CalculationsClass" name="m6" time="0.007"/>
  <testcase classname="com.computaion.classes.CalculationsClass" name="m5" time="0.005"/>
  <testcase classname="com.computaion.classes.CalculationsClass" name="m3" time="0.006"/>
</testsuite> <!-- com.computaion.classes.CalculationsClass -->
