<?xml version="1.0" encoding="UTF-8"?>
<!-- Generated by org.testng.reporters.JUnitReportReporter -->
<testsuite hostname="DESKTOP-BTNBPRQ" failures="0" tests="8" name="StockDailypublisher.ShareHoldingPublisher" time="1126.342" errors="0" timestamp="13 Feb 2022 06:45:08 GMT" skipped="0">
  <testcase classname="StockDailypublisher.ShareHoldingPublisher" name="RunTesToFectStocks" time="86.147"/>
  <testcase classname="StockDailypublisher.ShareHoldingPublisher" name="RunTesToFectStocks" time="192.573"/>
  <testcase classname="StockDailypublisher.ShareHoldingPublisher" name="RunTesToFectStocks" time="424.447"/>
  <testcase classname="StockDailypublisher.ShareHoldingPublisher" name="RunTesToFectStocks" time="19.929"/>
  <testcase classname="StockDailypublisher.ShareHoldingPublisher" name="RunTesToFectStocks" time="99.791"/>
  <testcase classname="StockDailypublisher.ShareHoldingPublisher" name="RunTesToFectStocks" time="2.244"/>
  <testcase classname="StockDailypublisher.ShareHoldingPublisher" name="RunTesToFectStocks" time="299.149"/>
  <testcase classname="StockDailypublisher.ShareHoldingPublisher" name="getAllDataAboutCompnay" time="2.062"/>
</testsuite> <!-- StockDailypublisher.ShareHoldingPublisher -->
