<?xml version="1.0" encoding="UTF-8"?>
<testng-results ignored="0" total="8" passed="8" failed="0" skipped="0">
  <reporter-output>
  </reporter-output>
  <suite started-at="2022-02-01T23:06:14 IST" name="Default suite" finished-at="2022-02-01T23:13:34 IST" duration-ms="440206">
    <groups>
    </groups>
    <test started-at="2022-02-01T23:06:14 IST" name="Default test" finished-at="2022-02-01T23:13:34 IST" duration-ms="440206">
      <class name="StockDailypublisher.StockPublishTest">
        <test-method is-config="true" signature="fetchAllSocksData()[pri:0, instance:StockDailypublisher.StockPublishTest@7fee8714]" started-at="2022-02-01T23:06:14 IST" name="fetchAllSocksData" finished-at="2022-02-01T23:06:23 IST" duration-ms="9062" status="PASS">
          <reporter-output>
          </reporter-output>
        </test-method> <!-- fetchAllSocksData -->
        <test-method signature="RunTesToFectStocks(java.util.HashMap)[pri:-1, instance:StockDailypublisher.StockPublishTest@7fee8714]" started-at="2022-02-01T23:06:23 IST" name="RunTesToFectStocks" data-provider="paralleltest" finished-at="2022-02-01T23:13:29 IST" duration-ms="425151" status="PASS">
          <params>
            <param index="0">
              <value>
                <![CDATA[{Range2=100, Range1=1}]]>
              </value>
            </param>
          </params>
          <reporter-output>
          </reporter-output>
        </test-method> <!-- RunTesToFectStocks -->
        <test-method signature="RunTesToFectStocks(java.util.HashMap)[pri:-1, instance:StockDailypublisher.StockPublishTest@7fee8714]" started-at="2022-02-01T23:06:23 IST" name="RunTesToFectStocks" data-provider="paralleltest" finished-at="2022-02-01T23:09:15 IST" duration-ms="171175" status="PASS">
          <params>
            <param index="0">
              <value>
                <![CDATA[{Range2=10000, Range1=1000}]]>
              </value>
            </param>
          </params>
          <reporter-output>
          </reporter-output>
        </test-method> <!-- RunTesToFectStocks -->
        <test-method signature="RunTesToFectStocks(java.util.HashMap)[pri:-1, instance:StockDailypublisher.StockPublishTest@7fee8714]" started-at="2022-02-01T23:06:23 IST" name="RunTesToFectStocks" data-provider="paralleltest" finished-at="2022-02-01T23:07:28 IST" duration-ms="64779" status="PASS">
          <params>
            <param index="0">
              <value>
                <![CDATA[{Range2=50000, Range1=10000}]]>
              </value>
            </param>
          </params>
          <reporter-output>
          </reporter-output>
        </test-method> <!-- RunTesToFectStocks -->
        <test-method signature="RunTesToFectStocks(java.util.HashMap)[pri:-1, instance:StockDailypublisher.StockPublishTest@7fee8714]" started-at="2022-02-01T23:06:23 IST" name="RunTesToFectStocks" data-provider="paralleltest" finished-at="2022-02-01T23:06:39 IST" duration-ms="15153" status="PASS">
          <params>
            <param index="0">
              <value>
                <![CDATA[{Range2=100000, Range1=50000}]]>
              </value>
            </param>
          </params>
          <reporter-output>
          </reporter-output>
        </test-method> <!-- RunTesToFectStocks -->
        <test-method signature="RunTesToFectStocks(java.util.HashMap)[pri:-1, instance:StockDailypublisher.StockPublishTest@7fee8714]" started-at="2022-02-01T23:06:23 IST" name="RunTesToFectStocks" data-provider="paralleltest" finished-at="2022-02-01T23:06:39 IST" duration-ms="15428" status="PASS">
          <params>
            <param index="0">
              <value>
                <![CDATA[{Range2=1000000, Range1=100000}]]>
              </value>
            </param>
          </params>
          <reporter-output>
          </reporter-output>
        </test-method> <!-- RunTesToFectStocks -->
        <test-method signature="RunTesToFectStocks(java.util.HashMap)[pri:-1, instance:StockDailypublisher.StockPublishTest@7fee8714]" started-at="2022-02-01T23:06:23 IST" name="RunTesToFectStocks" data-provider="paralleltest" finished-at="2022-02-01T23:06:25 IST" duration-ms="1504" status="PASS">
          <params>
            <param index="0">
              <value>
                <![CDATA[{Range2=0, Range1=1000000}]]>
              </value>
            </param>
          </params>
          <reporter-output>
          </reporter-output>
        </test-method> <!-- RunTesToFectStocks -->
        <test-method signature="RunTesToFectStocks(java.util.HashMap)[pri:-1, instance:StockDailypublisher.StockPublishTest@7fee8714]" started-at="2022-02-01T23:06:23 IST" name="RunTesToFectStocks" data-provider="paralleltest" finished-at="2022-02-01T23:10:49 IST" duration-ms="265132" status="PASS">
          <params>
            <param index="0">
              <value>
                <![CDATA[{Range2=1000, Range1=100}]]>
              </value>
            </param>
          </params>
          <reporter-output>
          </reporter-output>
        </test-method> <!-- RunTesToFectStocks -->
        <test-method signature="getAllDataAboutCompnay()[pri:0, instance:StockDailypublisher.StockPublishTest@7fee8714]" started-at="2022-02-01T23:13:29 IST" name="getAllDataAboutCompnay" finished-at="2022-02-01T23:13:29 IST" duration-ms="131" status="PASS">
          <reporter-output>
          </reporter-output>
        </test-method> <!-- getAllDataAboutCompnay -->
        <test-method is-config="true" signature="SendEmail()[pri:0, instance:StockDailypublisher.StockPublishTest@7fee8714]" started-at="2022-02-01T23:13:29 IST" name="SendEmail" finished-at="2022-02-01T23:13:34 IST" duration-ms="5707" status="PASS">
          <reporter-output>
          </reporter-output>
        </test-method> <!-- SendEmail -->
      </class> <!-- StockDailypublisher.StockPublishTest -->
    </test> <!-- Default test -->
  </suite> <!-- Default suite -->
</testng-results>
