<?xml version="1.0" encoding="UTF-8"?>
<testng-results ignored="0" total="8" passed="8" failed="0" skipped="0">
  <reporter-output>
  </reporter-output>
  <suite started-at="2022-02-18T07:06:08Z" name="Suite" finished-at="2022-02-18T07:12:20Z" duration-ms="372069">
    <groups>
    </groups>
    <test started-at="2022-02-18T07:06:08Z" name="Test" finished-at="2022-02-18T07:12:20Z" duration-ms="372069">
      <class name="StockDailypublisher.StockPublishTest">
        <test-method is-config="true" signature="fetchAllSocksData()[pri:0, instance:StockDailypublisher.StockPublishTest@6155d082]" started-at="2022-02-18T07:05:50Z" name="fetchAllSocksData" finished-at="2022-02-18T07:06:08Z" duration-ms="17313" status="PASS">
          <reporter-output>
          </reporter-output>
        </test-method> <!-- fetchAllSocksData -->
        <test-method signature="RunTesToFectStocks(java.util.HashMap)[pri:-1, instance:StockDailypublisher.StockPublishTest@6155d082]" started-at="2022-02-18T07:06:08Z" name="RunTesToFectStocks" data-provider="paralleltest" finished-at="2022-02-18T07:12:19Z" duration-ms="371633" status="PASS">
          <params>
            <param index="0">
              <value>
                <![CDATA[{Range2=50, Range1=0}]]>
              </value>
            </param>
          </params>
          <reporter-output>
          </reporter-output>
        </test-method> <!-- RunTesToFectStocks -->
        <test-method signature="RunTesToFectStocks(java.util.HashMap)[pri:-1, instance:StockDailypublisher.StockPublishTest@6155d082]" started-at="2022-02-18T07:06:08Z" name="RunTesToFectStocks" data-provider="paralleltest" finished-at="2022-02-18T07:07:30Z" duration-ms="82151" status="PASS">
          <params>
            <param index="0">
              <value>
                <![CDATA[{Range2=100, Range1=50}]]>
              </value>
            </param>
          </params>
          <reporter-output>
          </reporter-output>
        </test-method> <!-- RunTesToFectStocks -->
        <test-method signature="RunTesToFectStocks(java.util.HashMap)[pri:-1, instance:StockDailypublisher.StockPublishTest@6155d082]" started-at="2022-02-18T07:06:08Z" name="RunTesToFectStocks" data-provider="paralleltest" finished-at="2022-02-18T07:09:25Z" duration-ms="197333" status="PASS">
          <params>
            <param index="0">
              <value>
                <![CDATA[{Range2=1000, Range1=100}]]>
              </value>
            </param>
          </params>
          <reporter-output>
          </reporter-output>
        </test-method> <!-- RunTesToFectStocks -->
        <test-method signature="RunTesToFectStocks(java.util.HashMap)[pri:-1, instance:StockDailypublisher.StockPublishTest@6155d082]" started-at="2022-02-18T07:06:08Z" name="RunTesToFectStocks" data-provider="paralleltest" finished-at="2022-02-18T07:07:10Z" duration-ms="61766" status="PASS">
          <params>
            <param index="0">
              <value>
                <![CDATA[{Range2=100000, Range1=10000}]]>
              </value>
            </param>
          </params>
          <reporter-output>
          </reporter-output>
        </test-method> <!-- RunTesToFectStocks -->
        <test-method signature="RunTesToFectStocks(java.util.HashMap)[pri:-1, instance:StockDailypublisher.StockPublishTest@6155d082]" started-at="2022-02-18T07:06:08Z" name="RunTesToFectStocks" data-provider="paralleltest" finished-at="2022-02-18T07:08:17Z" duration-ms="129421" status="PASS">
          <params>
            <param index="0">
              <value>
                <![CDATA[{Range2=10000, Range1=1000}]]>
              </value>
            </param>
          </params>
          <reporter-output>
          </reporter-output>
        </test-method> <!-- RunTesToFectStocks -->
        <test-method signature="RunTesToFectStocks(java.util.HashMap)[pri:-1, instance:StockDailypublisher.StockPublishTest@6155d082]" started-at="2022-02-18T07:06:08Z" name="RunTesToFectStocks" data-provider="paralleltest" finished-at="2022-02-18T07:06:10Z" duration-ms="2143" status="PASS">
          <params>
            <param index="0">
              <value>
                <![CDATA[{Range2=0, Range1=1000000}]]>
              </value>
            </param>
          </params>
          <reporter-output>
          </reporter-output>
        </test-method> <!-- RunTesToFectStocks -->
        <test-method signature="RunTesToFectStocks(java.util.HashMap)[pri:-1, instance:StockDailypublisher.StockPublishTest@6155d082]" started-at="2022-02-18T07:06:08Z" name="RunTesToFectStocks" data-provider="paralleltest" finished-at="2022-02-18T07:06:25Z" duration-ms="17288" status="PASS">
          <params>
            <param index="0">
              <value>
                <![CDATA[{Range2=1000000, Range1=100000}]]>
              </value>
            </param>
          </params>
          <reporter-output>
          </reporter-output>
        </test-method> <!-- RunTesToFectStocks -->
        <test-method signature="getAllDataAboutCompnay()[pri:0, instance:StockDailypublisher.StockPublishTest@6155d082]" started-at="2022-02-18T07:12:19Z" name="getAllDataAboutCompnay" finished-at="2022-02-18T07:12:20Z" duration-ms="261" status="PASS">
          <reporter-output>
          </reporter-output>
        </test-method> <!-- getAllDataAboutCompnay -->
        <test-method is-config="true" signature="SendEmail()[pri:0, instance:StockDailypublisher.StockPublishTest@6155d082]" started-at="2022-02-18T07:12:20Z" name="SendEmail" finished-at="2022-02-18T07:12:26Z" duration-ms="5566" status="PASS">
          <reporter-output>
          </reporter-output>
        </test-method> <!-- SendEmail -->
      </class> <!-- StockDailypublisher.StockPublishTest -->
    </test> <!-- Test -->
  </suite> <!-- Suite -->
</testng-results>
