<?xml version="1.0" encoding="UTF-8"?>
<!-- Generated by org.testng.reporters.JUnitXMLReporter -->
<testsuite ignored="0" hostname="DESKTOP-BTNBPRQ" failures="0" tests="8" name="Default test" time="835.652" errors="0" timestamp="14 Feb 2022 07:27:01 GMT">
  <testcase classname="StockDailypublisher.StockAllocationChange" name="RunTesToFectStocks" time="2.493"/>
  <testcase classname="StockDailypublisher.StockAllocationChange" name="RunTesToFectStocks" time="31.642"/>
  <testcase classname="StockDailypublisher.StockAllocationChange" name="RunTesToFectStocks" time="204.938"/>
  <testcase classname="StockDailypublisher.StockAllocationChange" name="RunTesToFectStocks" time="241.12"/>
  <testcase classname="StockDailypublisher.StockAllocationChange" name="RunTesToFectStocks" time="425.558"/>
  <testcase classname="StockDailypublisher.StockAllocationChange" name="RunTesToFectStocks" time="558.667"/>
  <testcase classname="StockDailypublisher.StockAllocationChange" name="RunTesToFectStocks" time="832.603"/>
  <testcase classname="StockDailypublisher.StockAllocationChange" name="getAllDataAboutCompnay" time="2.939"/>
</testsuite> <!-- Default test -->
