<?xml version="1.0" encoding="UTF-8"?>
<!-- Generated by org.testng.reporters.JUnitXMLReporter -->
<testsuite ignored="0" hostname="DESKTOP-BTNBPRQ" failures="0" tests="8" name="Default test" time="440.206" errors="0" timestamp="2022-02-01T23:13:34 IST">
  <testcase classname="StockDailypublisher.StockPublishTest" name="RunTesToFectStocks" time="1.504"/>
  <testcase classname="StockDailypublisher.StockPublishTest" name="RunTesToFectStocks" time="15.153"/>
  <testcase classname="StockDailypublisher.StockPublishTest" name="RunTesToFectStocks" time="15.428"/>
  <testcase classname="StockDailypublisher.StockPublishTest" name="RunTesToFectStocks" time="64.779"/>
  <testcase classname="StockDailypublisher.StockPublishTest" name="RunTesToFectStocks" time="171.175"/>
  <testcase classname="StockDailypublisher.StockPublishTest" name="RunTesToFectStocks" time="265.132"/>
  <testcase classname="StockDailypublisher.StockPublishTest" name="RunTesToFectStocks" time="425.151"/>
  <testcase classname="StockDailypublisher.StockPublishTest" name="getAllDataAboutCompnay" time="0.131"/>
</testsuite> <!-- Default test -->
